\BOOKMARK [0][-]{chapter*.1}{はじめに}{}% 1
\BOOKMARK [1][-]{section*.2}{この本の流れ}{chapter*.1}% 2
\BOOKMARK [1][-]{section*.3}{Web連携}{chapter*.1}% 3
\BOOKMARK [1][-]{section*.4}{コードの公開について}{chapter*.1}% 4
\BOOKMARK [1][-]{section*.5}{お詫び}{chapter*.1}% 5
\BOOKMARK [0][-]{chapter.1}{第1章 qiita2reviewの使い方}{}% 6
\BOOKMARK [1][-]{section.1.1}{1.1 qiita2review とは}{chapter.1}% 7
\BOOKMARK [1][-]{section.1.2}{1.2 管理者がはじめにやること}{chapter.1}% 8
\BOOKMARK [1][-]{section.1.3}{1.3 執筆者がやること}{chapter.1}% 9
\BOOKMARK [2][-]{section*.7}{Qiitaに記事を書く}{section.1.3}% 10
\BOOKMARK [2][-]{section*.10}{Qiitaに記事が書けたら}{section.1.3}% 11
\BOOKMARK [1][-]{section.1.4}{1.4 原稿が集まったら}{chapter.1}% 12
\BOOKMARK [0][-]{chapter.2}{第2章 Qiitaで数式を書きましょう}{}% 13
\BOOKMARK [1][-]{section.2.1}{2.1 TeX式を簡単に作成する}{chapter.2}% 14
\BOOKMARK [2][-]{section*.11}{Qiitaで書く}{section.2.1}% 15
\BOOKMARK [0][-]{chapter.3}{第3章 AWS上にRe:VIEW環境を構築する}{}% 16
\BOOKMARK [1][-]{section.3.1}{3.1 環境}{chapter.3}% 17
\BOOKMARK [1][-]{section.3.2}{3.2 インストール}{chapter.3}% 18
\BOOKMARK [0][-]{chapter.4}{第4章 Re:VIEW+markdown で数式の入った薄い本を書く}{}% 19
\BOOKMARK [1][-]{section.4.1}{4.1 初期化}{chapter.4}% 20
\BOOKMARK [1][-]{section.4.2}{4.2 雛形}{chapter.4}% 21
\BOOKMARK [1][-]{section.4.3}{4.3 md2review の制限}{chapter.4}% 22
\BOOKMARK [1][-]{section.4.4}{4.4 TeXの機能を使って中央揃えを実現する}{chapter.4}% 23
\BOOKMARK [1][-]{section.4.5}{4.5 画像を縮小するスクリプト}{chapter.4}% 24
\BOOKMARK [1][-]{section.4.6}{4.6 config.ymlやcover.jpgを入れ替える}{chapter.4}% 25
\BOOKMARK [1][-]{section.4.7}{4.7 ひたすら書く}{chapter.4}% 26
\BOOKMARK [1][-]{section.4.8}{4.8 Tips}{chapter.4}% 27
\BOOKMARK [2][-]{section*.12}{数式を書く}{section.4.8}% 28
\BOOKMARK [2][-]{section*.13}{コードブロック中に //\175 が書けない}{section.4.8}% 29
\BOOKMARK [2][-]{section*.14}{markdown と Re:VIEWファイルの違い}{section.4.8}% 30
\BOOKMARK [0][-]{chapter.5}{第5章 組版システムReVIEWでQiitaから同人誌原稿を作る}{}% 31
\BOOKMARK [1][-]{section.5.1}{5.1 markdownからReVIEW}{chapter.5}% 32
\BOOKMARK [1][-]{section.5.2}{5.2 Qiitaで書くメリット}{chapter.5}% 33
\BOOKMARK [1][-]{section.5.3}{5.3 catalog.yml}{chapter.5}% 34
\BOOKMARK [1][-]{section.5.4}{5.4 ひとつの記事を元に原稿を作ってみる}{chapter.5}% 35
\BOOKMARK [1][-]{section.5.5}{5.5 複数の記事を元に原稿を作ってみる}{chapter.5}% 36
\BOOKMARK [1][-]{section.5.6}{5.6 画像を縮小する}{chapter.5}% 37
\BOOKMARK [0][-]{chapter.6}{第6章 Re:VIEW を apache で動かす}{}% 38
\BOOKMARK [1][-]{section.6.1}{6.1 apache と PHP}{chapter.6}% 39
\BOOKMARK [1][-]{section.6.2}{6.2 DocumentRootにreview環境を展開}{chapter.6}% 40
\BOOKMARK [1][-]{section.6.3}{6.3 This account is currently not available.}{chapter.6}% 41
\BOOKMARK [1][-]{section.6.4}{6.4 review環境を展開します。}{chapter.6}% 42
\BOOKMARK [1][-]{section.6.5}{6.5 テンプレートを作ります。}{chapter.6}% 43
